{"/Users/apple/Desktop/mocha-demos/demo10_使用istanbul覆盖率工具/My.js":{"path":"/Users/apple/Desktop/mocha-demos/demo10_使用istanbul覆盖率工具/My.js","s":{"1":1,"2":2,"3":1,"4":1,"5":1},"b":{"1":[1,1]},"f":{"1":2},"fnMap":{"1":{"name":"(anonymous_1)","line":2,"loc":{"start":{"line":2,"column":10},"end":{"line":2,"column":22}}}},"statementMap":{"1":{"start":{"line":1,"column":0},"end":{"line":6,"column":2}},"2":{"start":{"line":3,"column":8},"end":{"line":3,"column":46}},"3":{"start":{"line":3,"column":19},"end":{"line":3,"column":46}},"4":{"start":{"line":4,"column":8},"end":{"line":4,"column":39}},"5":{"start":{"line":8,"column":0},"end":{"line":8,"column":20}}},"branchMap":{"1":{"line":3,"type":"if","locations":[{"start":{"line":3,"column":8},"end":{"line":3,"column":8}},{"start":{"line":3,"column":8},"end":{"line":3,"column":8}}]}}}}